<?xml version="1.0" encoding="utf-8"?><testsuites name="pytest tests"><testsuite name="pytest" errors="0" failures="0" skipped="16" tests="103" time="1790.792" timestamp="2025-12-09T19:51:25.433773+00:00" hostname="f7a25374cdbb"><testcase classname="tests.test_01_topology.TestE2ETopology" name="test_010_list_topology" time="51.078" /><testcase classname="tests.test_01_topology.TestE2ETopology" name="test_015_check_topology_follows_model_2_0_0" time="0.048" /><testcase classname="tests.test_01_topology.TestE2ETopology" name="test_020_set_intra_link_down_check_topology" time="15.080" /><testcase classname="tests.test_01_topology.TestE2ETopology" name="test_025_set_inter_link_down_check_topology" time="15.066" /><testcase classname="tests.test_01_topology.TestE2ETopology" name="test_030_location_change" time="17.012" /><testcase classname="tests.test_05_l2vpn.TestE2EL2VPN" name="test_010_list_l2vpn_empty" time="32.208" /><testcase classname="tests.test_05_l2vpn.TestE2EL2VPN" name="test_020_create_l2vpn_successfully" time="10.249" /><testcase classname="tests.test_05_l2vpn.TestE2EL2VPN" name="test_030_create_l2vpn_with_any_vlan" time="10.247" /><testcase classname="tests.test_05_l2vpn.TestE2EL2VPN" name="test_040_edit_vlan_l2vpn_successfully" time="15.854" /><testcase classname="tests.test_05_l2vpn.TestE2EL2VPN" name="test_045_edit_port_l2vpn_successfully" time="10.488" /><testcase classname="tests.test_05_l2vpn.TestE2EL2VPN" name="test_050_delete_l2vpn_successfully" time="10.613" /><testcase classname="tests.test_05_l2vpn.TestE2EL2VPN" name="test_060_link_convergency_with_l2vpn_with_alternative_paths" time="44.644" /><testcase classname="tests.test_05_l2vpn.TestE2EL2VPN" name="test_070_multiple_l2vpn_with_bandwidth_qos_metric" time="103.174" /><testcase classname="tests.test_06_l2vpn_return_codes.TestE2EReturnCodes" name="test_010_create_l2vpn" time="42.636" /><testcase classname="tests.test_06_l2vpn_return_codes.TestE2EReturnCodes" name="test_011_create_l2vpn_vlan_translation" time="17.737" /><testcase classname="tests.test_06_l2vpn_return_codes.TestE2EReturnCodes" name="test_012_create_l2vpn_with_vlan_any" time="7.419" /><testcase classname="tests.test_06_l2vpn_return_codes.TestE2EReturnCodes" name="test_013_create_l2vpn_with_vlan_range" time="7.539" /><testcase classname="tests.test_06_l2vpn_return_codes.TestE2EReturnCodes" name="test_014_create_l2vpn_with_vlan_untagged" time="7.362" /><testcase classname="tests.test_06_l2vpn_return_codes.TestE2EReturnCodes" name="test_015_create_l2vpn_with_optional_attributes" time="2.304" /><testcase classname="tests.test_06_l2vpn_return_codes.TestE2EReturnCodes" name="test_020_create_l2vpn_with_invalid_vlan_type" time="2.031" /><testcase classname="tests.test_06_l2vpn_return_codes.TestE2EReturnCodes" name="test_021_create_l2vpn_with_vlan_out_of_range" time="2.035" /><testcase classname="tests.test_06_l2vpn_return_codes.TestE2EReturnCodes" name="test_022_create_l2vpn_with_vlan_negative" time="2.026" /><testcase classname="tests.test_06_l2vpn_return_codes.TestE2EReturnCodes" name="test_023_create_l2vpn_with_vlan_all" time="2.030" /><testcase classname="tests.test_06_l2vpn_return_codes.TestE2EReturnCodes" name="test_024_create_l2vpn_with_missing_vlan" time="2.029" /><testcase classname="tests.test_06_l2vpn_return_codes.TestE2EReturnCodes" name="test_025_create_l2vpn_with_body_incorrect" time="2.029" /><testcase classname="tests.test_06_l2vpn_return_codes.TestE2EReturnCodes" name="test_026_create_l2vpn_with_missing_name" time="2.028" /><testcase classname="tests.test_06_l2vpn_return_codes.TestE2EReturnCodes" name="test_027_create_l2vpn_with_non_existent_port" time="2.031" /><testcase classname="tests.test_06_l2vpn_return_codes.TestE2EReturnCodes" name="test_028_create_l2vpn_with_invalid_port_id_format" time="2.037" /><testcase classname="tests.test_06_l2vpn_return_codes.TestE2EReturnCodes" name="test_029_create_l2vpn_with_single_endpoint" time="2.049" /><testcase classname="tests.test_06_l2vpn_return_codes.TestE2EReturnCodes" name="test_030_create_l2vpn_with_p2mp" time="2.050" /><testcase classname="tests.test_06_l2vpn_return_codes.TestE2EReturnCodes" name="test_040_create_l2vpn_existing" time="7.271" /><testcase classname="tests.test_06_l2vpn_return_codes.TestE2EReturnCodes" name="test_050_create_l2vpn_with_valid_bw" time="7.487" /><testcase classname="tests.test_06_l2vpn_return_codes.TestE2EReturnCodes" name="test_051_create_l2vpn_with_min_bw_out_of_range" time="2.258" /><testcase classname="tests.test_06_l2vpn_return_codes.TestE2EReturnCodes" name="test_052_create_l2vpn_with_min_bw_negative" time="2.068" /><testcase classname="tests.test_06_l2vpn_return_codes.TestE2EReturnCodes" name="test_053_create_l2vpn_with_no_available_bw" time="7.291" /><testcase classname="tests.test_06_l2vpn_return_codes.TestE2EReturnCodes" name="test_054_create_l2vpn_with_available_bw" time="12.735" /><testcase classname="tests.test_06_l2vpn_return_codes.TestE2EReturnCodes" name="test_055_create_l2vpn_with_valid_max_delay" time="7.821" /><testcase classname="tests.test_06_l2vpn_return_codes.TestE2EReturnCodes" name="test_056_create_l2vpn_with_max_delay_out_of_range" time="2.239" /><testcase classname="tests.test_06_l2vpn_return_codes.TestE2EReturnCodes" name="test_057_create_l2vpn_with_max_delay_negative" time="2.066" /><testcase classname="tests.test_06_l2vpn_return_codes.TestE2EReturnCodes" name="test_058_create_l2vpn_with_valid_max_number_oxps" time="7.262" /><testcase classname="tests.test_06_l2vpn_return_codes.TestE2EReturnCodes" name="test_059_create_l2vpn_with_max_number_oxps_out_of_range" time="2.216" /><testcase classname="tests.test_06_l2vpn_return_codes.TestE2EReturnCodes" name="test_060_create_l2vpn_with_max_number_oxps_negative" time="2.039" /><testcase classname="tests.test_06_l2vpn_return_codes.TestE2EReturnCodes" name="test_061_create_l2vpn_with_no_available_oxps" time="7.279" /><testcase classname="tests.test_06_l2vpn_return_codes.TestE2EReturnCodes" name="test_062_create_l2vpn_with_all_available_oxps" time="12.661" /><testcase classname="tests.test_06_l2vpn_return_codes.TestE2EReturnCodes" name="test_070_create_l2vpn_with_impossible_scheduling" time="2.476" /><testcase classname="tests.test_06_l2vpn_return_codes.TestE2EReturnCodes" name="test_071_create_l2vpn_with_formatting_issue" time="2.049" /><testcase classname="tests.test_06_l2vpn_return_codes.TestE2EReturnCodes" name="test_080_create_l2vpn_with_no_path_available_between_endpoints" time="32.612" /><testcase classname="tests.test_07_l2vpn_return_codes.TestE2EReturnCodesEditL2vpn" name="test_010_edit_l2vpn_vlan" time="43.855" /><testcase classname="tests.test_07_l2vpn_return_codes.TestE2EReturnCodesEditL2vpn" name="test_011_edit_l2vpn_port_id" time="9.856" /><testcase classname="tests.test_07_l2vpn_return_codes.TestE2EReturnCodesEditL2vpn" name="test_020_edit_l2vpn_with_vlan_integer" time="4.586" /><testcase classname="tests.test_07_l2vpn_return_codes.TestE2EReturnCodesEditL2vpn" name="test_021_edit_l2vpn_with_vlan_out_of_range" time="4.624" /><testcase classname="tests.test_07_l2vpn_return_codes.TestE2EReturnCodesEditL2vpn" name="test_022_edit_l2vpn_with_vlan_all" time="4.653" /><testcase classname="tests.test_07_l2vpn_return_codes.TestE2EReturnCodesEditL2vpn" name="test_023_edit_l2vpn_with_missing_vlan" time="4.633" /><testcase classname="tests.test_07_l2vpn_return_codes.TestE2EReturnCodesEditL2vpn" name="test_024_edit_l2vpn_with_body_incorrect" time="4.436" /><testcase classname="tests.test_07_l2vpn_return_codes.TestE2EReturnCodesEditL2vpn" name="test_025_edit_l2vpn_with_vlan_negative" time="4.276" /><testcase classname="tests.test_07_l2vpn_return_codes.TestE2EReturnCodesEditL2vpn" name="test_026_edit_l2vpn_with_missing_name" time="4.531" /><testcase classname="tests.test_07_l2vpn_return_codes.TestE2EReturnCodesEditL2vpn" name="test_027_edit_l2vpn_with_non_existent_port" time="4.460" /><testcase classname="tests.test_07_l2vpn_return_codes.TestE2EReturnCodesEditL2vpn" name="test_028_edit_l2vpn_with_invalid_port_id_format" time="4.364" /><testcase classname="tests.test_07_l2vpn_return_codes.TestE2EReturnCodesEditL2vpn" name="test_029_edit_l2vpn_with_with_single_endpoint" time="4.355" /><testcase classname="tests.test_07_l2vpn_return_codes.TestE2EReturnCodesEditL2vpn" name="test_030_edit_l2vpn_with_p2mp" time="4.776" /><testcase classname="tests.test_07_l2vpn_return_codes.TestE2EReturnCodesEditL2vpn" name="test_040_edit_l2vpn_not_found_id_code404" time="4.356" /><testcase classname="tests.test_07_l2vpn_return_codes.TestE2EReturnCodesEditL2vpn" name="test_050_edit_l2vpn_conflict" time="9.982" /><testcase classname="tests.test_07_l2vpn_return_codes.TestE2EReturnCodesEditL2vpn" name="test_060_edit_l2vpn_with_min_bw" time="10.335" /><testcase classname="tests.test_07_l2vpn_return_codes.TestE2EReturnCodesEditL2vpn" name="test_061_edit_l2vpn_with_max_delay" time="10.443" /><testcase classname="tests.test_07_l2vpn_return_codes.TestE2EReturnCodesEditL2vpn" name="test_062_edit_l2vpn_with_max_number_oxps" time="10.210" /><testcase classname="tests.test_07_l2vpn_return_codes.TestE2EReturnCodesEditL2vpn" name="test_063_edit_l2vpn_with_min_bw_out_of_range" time="4.810" /><testcase classname="tests.test_07_l2vpn_return_codes.TestE2EReturnCodesEditL2vpn" name="test_064_edit_l2vpn_with_max_delay_out_of_range" time="4.665" /><testcase classname="tests.test_07_l2vpn_return_codes.TestE2EReturnCodesEditL2vpn" name="test_065_edit_l2vpn_with_max_number_oxps_out_of_range" time="4.735" /><testcase classname="tests.test_07_l2vpn_return_codes.TestE2EReturnCodesEditL2vpn" name="test_066_edit_l2vpn_with_no_available_bw" time="10.043" /><testcase classname="tests.test_07_l2vpn_return_codes.TestE2EReturnCodesEditL2vpn" name="test_070_edit_l2vpn_with_impossible_scheduling" time="6.171" /><testcase classname="tests.test_08_l2vpn_return_codes.TestE2EReturnCodesListL2vpn" name="test_010_list_one_l2vpn" time="44.144" /><testcase classname="tests.test_08_l2vpn_return_codes.TestE2EReturnCodesListL2vpn" name="test_020_list_one_l2vpn_not_found" time="8.551" /><testcase classname="tests.test_08_l2vpn_return_codes.TestE2EReturnCodesListL2vpn" name="test_030_list_multiple_l2vpn" time="8.491" /><testcase classname="tests.test_08_l2vpn_return_codes.TestE2EReturnCodesListL2vpn" name="test_031_list_multiple_l2vpn_multiple_existing" time="13.783" /><testcase classname="tests.test_08_l2vpn_return_codes.TestE2EReturnCodesListL2vpn" name="test_040_delete_one_l2vpn" time="9.190" /><testcase classname="tests.test_08_l2vpn_return_codes.TestE2EReturnCodesListL2vpn" name="test_050_delete_one_l2vpn_not_found" time="9.355" /><testcase classname="tests.test_20_use_case_topology.TestE2ETopologyUseCases" name="test_010_intra_domain_link_down" time="81.402" /><testcase classname="tests.test_20_use_case_topology.TestE2ETopologyUseCases" name="test_011_intra_domain_link_down_path_found" time="20.504"><skipped type="pytest.xfail" message="Connectivity is not verified with a PING test between hosts after verifying that the L2VPN status remains up" /></testcase><testcase classname="tests.test_20_use_case_topology.TestE2ETopologyUseCases" name="test_020_port_in_inter_domain_link_down" time="31.852" /><testcase classname="tests.test_20_use_case_topology.TestE2ETopologyUseCases" name="test_021_port_in_inter_domain_link_down_no_reprov" time="38.902"><skipped type="pytest.xfail" message="The L2VPN is removed after changing nodes to down" /></testcase><testcase classname="tests.test_20_use_case_topology.TestE2ETopologyUseCases" name="test_030_uni_port_down" time="41.648" /><testcase classname="tests.test_20_use_case_topology.TestE2ETopologyUseCases" name="test_040_node_down" time="26.299"><skipped type="pytest.xfail" message="The L2VPN status remains up after changing the status of an associated node to down" /></testcase><testcase classname="tests.test_20_use_case_topology.TestE2ETopologyUseCases" name="test_050_port_up_inter_domain" time="25.836"><skipped type="pytest.xfail" message="The L2VPN status remains up after changing the status of an associated port to down" /></testcase><testcase classname="tests.test_20_use_case_topology.TestE2ETopologyUseCases" name="test_060_port_up_uni" time="28.589" /><testcase classname="tests.test_20_use_case_topology.TestE2ETopologyUseCases" name="test_070_port_uni_up_no_l2vpn_associated" time="25.659" /><testcase classname="tests.test_20_use_case_topology.TestE2ETopologyUseCases" name="test_100_change_vlan_uni" time="33.846"><skipped type="pytest.xfail" message="The L2VPN with VLAN 1000 remains up even after modifying the VLAN range to [100–200]." /></testcase><testcase classname="tests.test_20_use_case_topology.TestE2ETopologyUseCases" name="test_101_shrinking_vlan_new_l2vpn_with_wrong_vlan" time="13.755"><skipped type="pytest.xfail" message="l2vpn is created successfully with vlan=1010 even though the vlan_range was changed to [100–200]." /></testcase><testcase classname="tests.test_20_use_case_topology.TestE2ETopologyUseCases" name="test_102_shrinking_vlan_nni_with_alternate_path" time="18.759"><skipped type="pytest.xfail" message="The L2VPN path associated with VLAN 1020 remains unchanged after modifying the VLAN range to [100–200]" /></testcase><testcase classname="tests.test_20_use_case_topology.TestE2ETopologyUseCases" name="test_104_expanding_vlan_nni" time="18.490"><skipped type="pytest.xfail" message="AssertionError: VLAN range 5000 is invalid, after expanding the range to [1,4000]" /></testcase><testcase classname="tests.test_20_use_case_topology.TestE2ETopologyUseCases" name="test_105_adding_vlan_range" time="21.546"><skipped type="pytest.xfail" message="The L2VPN with VLAN 1050 remains up even after modifying the VLAN range to [100–200]" /></testcase><testcase classname="tests.test_20_use_case_topology.TestE2ETopologyUseCases" name="test_106_removing_vlan_uni" time="27.845"><skipped type="pytest.xfail" message="The L2VPN with VLAN 1060 remains up even after removing the VLAN range" /></testcase><testcase classname="tests.test_20_use_case_topology.TestE2ETopologyUseCases" name="test_107_removing_vlan_nni_with_alternate_path" time="27.829"><skipped type="pytest.xfail" message="The L2VPN path associated with VLAN 1070 remains unchanged after modifying the VLAN range to [100–200]" /></testcase><testcase classname="tests.test_20_use_case_topology.TestE2ETopologyUseCases" name="test_120_l2vpn_provisioning_failure" time="7.803"><skipped type="pytest.xfail" message="EVCs from OXPs where L2VPN creation does not fail are not empty" /></testcase><testcase classname="tests.test_20_use_case_topology.TestE2ETopologyUseCases" name="test_140_create_l2vpn_with_vlan_range" time="12.235" /><testcase classname="tests.test_20_use_case_topology.TestE2ETopologyUseCases" name="test_141_changing_invalid_vlan_range" time="31.716"><skipped type="pytest.xfail" message="Topology after port status not changed after modifying the VLAN range to [1-6000]" /></testcase><testcase classname="tests.test_20_use_case_topology.TestE2ETopologyUseCases" name="test_142_create_l2vpn_with_vlan_range_same_items" time="13.819" /><testcase classname="tests.test_21_use_case_topology.TestE2ETopologyUseCases" name="test_080_link_missing" time="73.458"><skipped type="pytest.xfail" message="L2VPN remains up after a link is removed from topology and no alternate path exists" /></testcase><testcase classname="tests.test_21_use_case_topology.TestE2ETopologyUseCases" name="test_081_link_missing_with_alternate_path" time="75.769" /><testcase classname="tests.test_21_use_case_topology.TestE2ETopologyUseCases" name="test_090_port_missing_uni" time="59.330"><skipped type="pytest.xfail" message="Interface could not be deleted. Reason: There is a flow installed," /></testcase><testcase classname="tests.test_21_use_case_topology.TestE2ETopologyUseCases" name="test_091_port_missing_nni" time="61.036"><skipped type="pytest.xfail" message="The link status is up after changing the attribute sdx_nni='' on one side" /></testcase><testcase classname="tests.test_99_topology_big_changes.TestE2ETopologyBigChanges" name="test_040_add_intra_link_check_topology" time="82.911" /><testcase classname="tests.test_99_topology_big_changes.TestE2ETopologyBigChanges" name="test_050_del_intra_link_check_topology" time="21.167" /><testcase classname="tests.test_99_topology_big_changes.TestE2ETopologyBigChanges" name="test_070_add_port_check_topology" time="32.097" /></testsuite></testsuites>