<?xml version="1.0" encoding="utf-8"?><testsuites><testsuite name="pytest" errors="0" failures="0" skipped="1" tests="79" time="736.794" timestamp="2025-04-29T16:33:25.292958+00:00" hostname="452595c49607"><testcase classname="tests.test_01_topology.TestE2ETopology" name="test_010_list_topology" time="50.050" /><testcase classname="tests.test_01_topology.TestE2ETopology" name="test_015_check_topology_follows_model_2_0_0" time="0.014" /><testcase classname="tests.test_01_topology.TestE2ETopology" name="test_020_set_intra_link_down_check_topology" time="15.049" /><testcase classname="tests.test_01_topology.TestE2ETopology" name="test_025_set_inter_link_down_check_topology" time="15.050" /><testcase classname="tests.test_01_topology.TestE2ETopology" name="test_030_location_change" time="16.695" /><testcase classname="tests.test_05_l2vpn.TestE2EL2VPN" name="test_010_list_l2vpn_empty" time="34.267" /><testcase classname="tests.test_05_l2vpn.TestE2EL2VPN" name="test_020_create_l2vpn_successfully" time="10.367" /><testcase classname="tests.test_05_l2vpn.TestE2EL2VPN" name="test_030_create_l2vpn_with_any_vlan" time="10.333" /><testcase classname="tests.test_05_l2vpn.TestE2EL2VPN" name="test_040_edit_vlan_l2vpn_successfully" time="15.620" /><testcase classname="tests.test_05_l2vpn.TestE2EL2VPN" name="test_045_edit_port_l2vpn_successfully" time="5.575" /><testcase classname="tests.test_05_l2vpn.TestE2EL2VPN" name="test_050_delete_l2vpn_successfully" time="10.503" /><testcase classname="tests.test_05_l2vpn.TestE2EL2VPN" name="test_060_link_convergency_with_l2vpn_with_alternative_paths" time="44.194" /><testcase classname="tests.test_05_l2vpn.TestE2EL2VPN" name="test_070_multiple_l2vpn_with_bandwidth_qos_metric" time="96.769" /><testcase classname="tests.test_06_l2vpn_return_codes.TestE2EReturnCodes" name="test_010_create_l2vpn" time="32.940" /><testcase classname="tests.test_06_l2vpn_return_codes.TestE2EReturnCodes" name="test_011_create_l2vpn_vlan_translation" time="0.100" /><testcase classname="tests.test_06_l2vpn_return_codes.TestE2EReturnCodes" name="test_012_create_l2vpn_with_vlan_any" time="0.089" /><testcase classname="tests.test_06_l2vpn_return_codes.TestE2EReturnCodes" name="test_013_create_l2vpn_with_vlan_range" time="0.080" /><testcase classname="tests.test_06_l2vpn_return_codes.TestE2EReturnCodes" name="test_014_create_l2vpn_with_vlan_untagged" time="0.082" /><testcase classname="tests.test_06_l2vpn_return_codes.TestE2EReturnCodes" name="test_015_create_l2vpn_with_optional_attributes" time="0.050" /><testcase classname="tests.test_06_l2vpn_return_codes.TestE2EReturnCodes" name="test_020_create_l2vpn_with_invalid_vlan_type" time="0.008" /><testcase classname="tests.test_06_l2vpn_return_codes.TestE2EReturnCodes" name="test_021_create_l2vpn_with_vlan_out_of_range" time="0.013" /><testcase classname="tests.test_06_l2vpn_return_codes.TestE2EReturnCodes" name="test_022_create_l2vpn_with_vlan_negative" time="0.011" /><testcase classname="tests.test_06_l2vpn_return_codes.TestE2EReturnCodes" name="test_023_create_l2vpn_with_vlan_all" time="0.011" /><testcase classname="tests.test_06_l2vpn_return_codes.TestE2EReturnCodes" name="test_024_create_l2vpn_with_missing_vlan" time="0.012" /><testcase classname="tests.test_06_l2vpn_return_codes.TestE2EReturnCodes" name="test_025_create_l2vpn_with_body_incorrect" time="0.020" /><testcase classname="tests.test_06_l2vpn_return_codes.TestE2EReturnCodes" name="test_026_create_l2vpn_with_missing_name" time="0.016" /><testcase classname="tests.test_06_l2vpn_return_codes.TestE2EReturnCodes" name="test_027_create_l2vpn_with_non_existent_port" time="0.037" /><testcase classname="tests.test_06_l2vpn_return_codes.TestE2EReturnCodes" name="test_028_create_l2vpn_with_invalid_port_id_format" time="0.029" /><testcase classname="tests.test_06_l2vpn_return_codes.TestE2EReturnCodes" name="test_029_create_l2vpn_with_single_endpoint" time="0.027" /><testcase classname="tests.test_06_l2vpn_return_codes.TestE2EReturnCodes" name="test_030_create_l2vpn_with_p2mp" time="0.055" /><testcase classname="tests.test_06_l2vpn_return_codes.TestE2EReturnCodes" name="test_040_create_l2vpn_existing" time="30.098" /><testcase classname="tests.test_06_l2vpn_return_codes.TestE2EReturnCodes" name="test_050_create_l2vpn_with_valid_bw" time="0.263" /><testcase classname="tests.test_06_l2vpn_return_codes.TestE2EReturnCodes" name="test_051_create_l2vpn_with_min_bw_out_of_range" time="0.126" /><testcase classname="tests.test_06_l2vpn_return_codes.TestE2EReturnCodes" name="test_052_create_l2vpn_with_min_bw_negative" time="0.020" /><testcase classname="tests.test_06_l2vpn_return_codes.TestE2EReturnCodes" name="test_053_create_l2vpn_with_no_available_bw" time="0.117" /><testcase classname="tests.test_06_l2vpn_return_codes.TestE2EReturnCodes" name="test_054_create_l2vpn_with_available_bw" time="0.212" /><testcase classname="tests.test_06_l2vpn_return_codes.TestE2EReturnCodes" name="test_055_create_l2vpn_with_valid_max_delay" time="0.209" /><testcase classname="tests.test_06_l2vpn_return_codes.TestE2EReturnCodes" name="test_056_create_l2vpn_with_max_delay_out_of_range" time="0.114" /><testcase classname="tests.test_06_l2vpn_return_codes.TestE2EReturnCodes" name="test_057_create_l2vpn_with_max_delay_negative" time="0.023" /><testcase classname="tests.test_06_l2vpn_return_codes.TestE2EReturnCodes" name="test_058_create_l2vpn_with_valid_max_number_oxps" time="0.088" /><testcase classname="tests.test_06_l2vpn_return_codes.TestE2EReturnCodes" name="test_059_create_l2vpn_with_max_number_oxps_out_of_range" time="0.102" /><testcase classname="tests.test_06_l2vpn_return_codes.TestE2EReturnCodes" name="test_060_create_l2vpn_with_max_number_oxps_negative" time="0.040" /><testcase classname="tests.test_06_l2vpn_return_codes.TestE2EReturnCodes" name="test_061_create_l2vpn_with_no_available_oxps" time="0.411"><skipped type="pytest.xfail" message="return status 201" /></testcase><testcase classname="tests.test_06_l2vpn_return_codes.TestE2EReturnCodes" name="test_062_create_l2vpn_with_all_available_oxps" time="0.260" /><testcase classname="tests.test_06_l2vpn_return_codes.TestE2EReturnCodes" name="test_070_create_l2vpn_with_impossible_scheduling" time="0.085" /><testcase classname="tests.test_06_l2vpn_return_codes.TestE2EReturnCodes" name="test_071_create_l2vpn_with_formatting_issue" time="0.017" /><testcase classname="tests.test_06_l2vpn_return_codes.TestE2EReturnCodes" name="test_080_create_l2vpn_with_no_path_available_between_endpoints" time="30.787" /><testcase classname="tests.test_07_l2vpn_return_codes.TestE2EReturnCodesEditL2vpn" name="test_010_edit_l2vpn_vlan" time="38.308" /><testcase classname="tests.test_07_l2vpn_return_codes.TestE2EReturnCodesEditL2vpn" name="test_011_edit_l2vpn_port_id" time="4.692" /><testcase classname="tests.test_07_l2vpn_return_codes.TestE2EReturnCodesEditL2vpn" name="test_020_edit_l2vpn_with_vlan_integer" time="6.453" /><testcase classname="tests.test_07_l2vpn_return_codes.TestE2EReturnCodesEditL2vpn" name="test_021_edit_l2vpn_with_vlan_out_of_range" time="2.770" /><testcase classname="tests.test_07_l2vpn_return_codes.TestE2EReturnCodesEditL2vpn" name="test_022_edit_l2vpn_with_vlan_all" time="2.599" /><testcase classname="tests.test_07_l2vpn_return_codes.TestE2EReturnCodesEditL2vpn" name="test_023_edit_l2vpn_with_missing_vlan" time="4.595" /><testcase classname="tests.test_07_l2vpn_return_codes.TestE2EReturnCodesEditL2vpn" name="test_024_edit_l2vpn_with_body_incorrect" time="6.752" /><testcase classname="tests.test_07_l2vpn_return_codes.TestE2EReturnCodesEditL2vpn" name="test_025_edit_l2vpn_with_vlan_negative" time="4.235" /><testcase classname="tests.test_07_l2vpn_return_codes.TestE2EReturnCodesEditL2vpn" name="test_026_edit_l2vpn_with_missing_name" time="2.222" /><testcase classname="tests.test_07_l2vpn_return_codes.TestE2EReturnCodesEditL2vpn" name="test_027_edit_l2vpn_with_non_existent_port" time="2.752" /><testcase classname="tests.test_07_l2vpn_return_codes.TestE2EReturnCodesEditL2vpn" name="test_028_edit_l2vpn_with_invalid_port_id_format" time="6.824" /><testcase classname="tests.test_07_l2vpn_return_codes.TestE2EReturnCodesEditL2vpn" name="test_029_edit_l2vpn_with_with_single_endpoint" time="4.906" /><testcase classname="tests.test_07_l2vpn_return_codes.TestE2EReturnCodesEditL2vpn" name="test_030_edit_l2vpn_with_p2mp" time="4.877" /><testcase classname="tests.test_07_l2vpn_return_codes.TestE2EReturnCodesEditL2vpn" name="test_040_edit_l2vpn_not_found_id_code404" time="6.586" /><testcase classname="tests.test_07_l2vpn_return_codes.TestE2EReturnCodesEditL2vpn" name="test_050_edit_l2vpn_conflict" time="3.668" /><testcase classname="tests.test_07_l2vpn_return_codes.TestE2EReturnCodesEditL2vpn" name="test_060_edit_l2vpn_with_min_bw" time="7.876" /><testcase classname="tests.test_07_l2vpn_return_codes.TestE2EReturnCodesEditL2vpn" name="test_061_edit_l2vpn_with_max_delay" time="4.522" /><testcase classname="tests.test_07_l2vpn_return_codes.TestE2EReturnCodesEditL2vpn" name="test_062_edit_l2vpn_with_max_number_oxps" time="5.003" /><testcase classname="tests.test_07_l2vpn_return_codes.TestE2EReturnCodesEditL2vpn" name="test_063_edit_l2vpn_with_min_bw_out_of_range" time="6.766" /><testcase classname="tests.test_07_l2vpn_return_codes.TestE2EReturnCodesEditL2vpn" name="test_064_edit_l2vpn_with_max_delay_out_of_range" time="4.363" /><testcase classname="tests.test_07_l2vpn_return_codes.TestE2EReturnCodesEditL2vpn" name="test_065_edit_l2vpn_with_max_number_oxps_out_of_range" time="6.533" /><testcase classname="tests.test_07_l2vpn_return_codes.TestE2EReturnCodesEditL2vpn" name="test_066_edit_l2vpn_with_no_available_bw" time="4.451" /><testcase classname="tests.test_07_l2vpn_return_codes.TestE2EReturnCodesEditL2vpn" name="test_070_edit_l2vpn_with_impossible_scheduling" time="7.235" /><testcase classname="tests.test_08_l2vpn_return_codes.TestE2EReturnCodesListL2vpn" name="test_010_list_one_l2vpn" time="32.138" /><testcase classname="tests.test_08_l2vpn_return_codes.TestE2EReturnCodesListL2vpn" name="test_020_list_one_l2vpn_not_found" time="0.381" /><testcase classname="tests.test_08_l2vpn_return_codes.TestE2EReturnCodesListL2vpn" name="test_030_list_multiple_l2vpn" time="0.219" /><testcase classname="tests.test_08_l2vpn_return_codes.TestE2EReturnCodesListL2vpn" name="test_031_list_multiple_l2vpn_multiple_existing" time="0.823" /><testcase classname="tests.test_08_l2vpn_return_codes.TestE2EReturnCodesListL2vpn" name="test_040_delete_one_l2vpn" time="0.357" /><testcase classname="tests.test_08_l2vpn_return_codes.TestE2EReturnCodesListL2vpn" name="test_050_delete_one_l2vpn_not_found" time="0.816" /><testcase classname="tests.test_99_topology_big_changes.TestE2ETopologyBigChanges" name="test_040_add_intra_link_check_topology" time="78.464" /><testcase classname="tests.test_99_topology_big_changes.TestE2ETopologyBigChanges" name="test_050_del_intra_link_check_topology" time="21.160" /><testcase classname="tests.test_99_topology_big_changes.TestE2ETopologyBigChanges" name="test_070_add_port_check_topology" time="32.005" /></testsuite></testsuites>